{"level":"debug","message":"Username is superAdmin1@mail.com","timestamp":"2017-10-15T12:33:26.011Z"}
{"level":"debug","message":"Response for getUser: superAdmin1@mail.com","timestamp":"2017-10-15T12:33:26.040Z"}
{"level":"debug","message":"User is not locked","timestamp":"2017-10-15T12:33:26.040Z"}
{"level":"debug","message":"Username is superAdmin1@mail.com","timestamp":"2017-10-15T12:34:00.881Z"}
{"level":"debug","message":"Response for getUser: superAdmin1@mail.com","timestamp":"2017-10-15T12:34:00.885Z"}
{"level":"debug","message":"User is not locked","timestamp":"2017-10-15T12:34:00.885Z"}
{"level":"debug","message":"Username is superAdmin1@mail.com","timestamp":"2017-10-15T12:36:49.306Z"}
{"level":"debug","message":"Response for getUser: superAdmin1@mail.com","timestamp":"2017-10-15T12:36:49.319Z"}
{"level":"debug","message":"User is not locked","timestamp":"2017-10-15T12:36:49.319Z"}
{"level":"debug","message":"Username is superAdmin1@mail.com","timestamp":"2017-10-15T12:37:41.754Z"}
{"level":"debug","message":"Response for getUser: superAdmin1@mail.com","timestamp":"2017-10-15T12:37:41.767Z"}
{"level":"debug","message":"User is not locked","timestamp":"2017-10-15T12:37:41.767Z"}
{"level":"debug","message":"Username is superAdmin1@mail.com","timestamp":"2017-10-15T12:39:07.172Z"}
{"level":"debug","message":"Response for getUser: superAdmin1@mail.com","timestamp":"2017-10-15T12:39:07.182Z"}
{"level":"debug","message":"User is not locked","timestamp":"2017-10-15T12:39:07.182Z"}
{"level":"debug","message":"Username is superAdmin1@mail.com","timestamp":"2017-10-15T12:44:27.567Z"}
{"level":"debug","message":"Response for getUser: superAdmin1@mail.com","timestamp":"2017-10-15T12:44:27.581Z"}
{"level":"debug","message":"User is not locked","timestamp":"2017-10-15T12:44:27.581Z"}
{"level":"debug","message":"Username is merchantAdmin1@mail.com","timestamp":"2017-10-15T12:44:27.764Z"}
{"level":"debug","message":"Response for getUser: merchantAdmin1@mail.com","timestamp":"2017-10-15T12:44:27.770Z"}
{"level":"debug","message":"User is not locked","timestamp":"2017-10-15T12:44:27.770Z"}
{"level":"debug","message":"Username is merchant1@mail.com","timestamp":"2017-10-15T12:44:27.902Z"}
{"level":"debug","message":"Response for getUser: merchant1@mail.com","timestamp":"2017-10-15T12:44:27.905Z"}
{"level":"debug","message":"User is not locked","timestamp":"2017-10-15T12:44:27.905Z"}
{"level":"debug","message":"Username is notExistingUser","timestamp":"2017-10-15T12:44:28.018Z"}
{"level":"debug","message":"Username is superAdmin1@mail.com","timestamp":"2017-10-15T12:44:28.027Z"}
{"level":"debug","message":"Response for getUser: superAdmin1@mail.com","timestamp":"2017-10-15T12:44:28.031Z"}
{"level":"debug","message":"User is not locked","timestamp":"2017-10-15T12:44:28.031Z"}
{"level":"debug","message":"User has failed to login 1 times","timestamp":"2017-10-15T12:44:28.131Z"}
{"level":"debug","message":"Username is superAdmin1@mail.com","timestamp":"2017-10-15T12:44:28.146Z"}
{"level":"debug","message":"Response for getUser: superAdmin1@mail.com","timestamp":"2017-10-15T12:44:28.149Z"}
{"level":"debug","message":"User is not locked","timestamp":"2017-10-15T12:44:28.149Z"}
{"level":"debug","message":"Username is superAdmin1@mail.com","timestamp":"2017-10-15T12:47:42.723Z"}
{"level":"debug","message":"Response for getUser: superAdmin1@mail.com","timestamp":"2017-10-15T12:47:42.734Z"}
{"level":"debug","message":"User is not locked","timestamp":"2017-10-15T12:47:42.734Z"}
{"level":"debug","message":"Username is merchantAdmin1@mail.com","timestamp":"2017-10-15T12:47:42.901Z"}
{"level":"debug","message":"Response for getUser: merchantAdmin1@mail.com","timestamp":"2017-10-15T12:47:42.906Z"}
{"level":"debug","message":"User is not locked","timestamp":"2017-10-15T12:47:42.906Z"}
{"level":"debug","message":"Username is merchant1@mail.com","timestamp":"2017-10-15T12:47:43.037Z"}
{"level":"debug","message":"Response for getUser: merchant1@mail.com","timestamp":"2017-10-15T12:47:43.043Z"}
{"level":"debug","message":"User is not locked","timestamp":"2017-10-15T12:47:43.043Z"}
{"level":"debug","message":"Username is notExistingUser","timestamp":"2017-10-15T12:47:43.157Z"}
{"level":"debug","message":"Username is superAdmin1@mail.com","timestamp":"2017-10-15T12:47:43.169Z"}
{"level":"debug","message":"Response for getUser: superAdmin1@mail.com","timestamp":"2017-10-15T12:47:43.173Z"}
{"level":"debug","message":"User is not locked","timestamp":"2017-10-15T12:47:43.173Z"}
{"level":"debug","message":"User has failed to login 1 times","timestamp":"2017-10-15T12:47:43.275Z"}
{"level":"debug","message":"Username is superAdmin1@mail.com","timestamp":"2017-10-15T12:47:43.288Z"}
{"level":"debug","message":"Response for getUser: superAdmin1@mail.com","timestamp":"2017-10-15T12:47:43.291Z"}
{"level":"debug","message":"User is not locked","timestamp":"2017-10-15T12:47:43.291Z"}
{"level":"debug","message":"Username is superAdmin1@mail.com","timestamp":"2017-10-15T12:50:14.522Z"}
{"level":"debug","message":"Response for getUser: superAdmin1@mail.com","timestamp":"2017-10-15T12:50:14.532Z"}
{"level":"debug","message":"User is not locked","timestamp":"2017-10-15T12:50:14.532Z"}
{"level":"debug","message":"Username is merchantAdmin1@mail.com","timestamp":"2017-10-15T12:50:14.804Z"}
{"level":"debug","message":"Response for getUser: merchantAdmin1@mail.com","timestamp":"2017-10-15T12:50:14.815Z"}
{"level":"debug","message":"User is not locked","timestamp":"2017-10-15T12:50:14.815Z"}
{"level":"debug","message":"Username is merchant1@mail.com","timestamp":"2017-10-15T12:50:14.947Z"}
{"level":"debug","message":"Response for getUser: merchant1@mail.com","timestamp":"2017-10-15T12:50:14.954Z"}
{"level":"debug","message":"User is not locked","timestamp":"2017-10-15T12:50:14.954Z"}
{"level":"debug","message":"Username is notExistingUser","timestamp":"2017-10-15T12:50:15.071Z"}
{"level":"debug","message":"Username is superAdmin1@mail.com","timestamp":"2017-10-15T12:50:15.080Z"}
{"level":"debug","message":"Response for getUser: superAdmin1@mail.com","timestamp":"2017-10-15T12:50:15.083Z"}
{"level":"debug","message":"User is not locked","timestamp":"2017-10-15T12:50:15.084Z"}
{"level":"debug","message":"User has failed to login 1 times","timestamp":"2017-10-15T12:50:15.192Z"}
{"level":"debug","message":"Username is superAdmin1@mail.com","timestamp":"2017-10-15T12:50:15.204Z"}
{"level":"debug","message":"Response for getUser: superAdmin1@mail.com","timestamp":"2017-10-15T12:50:15.207Z"}
{"level":"debug","message":"User is not locked","timestamp":"2017-10-15T12:50:15.207Z"}
{"level":"debug","message":"Username is superAdmin1@mail.com","timestamp":"2017-10-15T12:51:47.383Z"}
{"level":"debug","message":"Response for getUser: superAdmin1@mail.com","timestamp":"2017-10-15T12:51:47.397Z"}
{"level":"debug","message":"User is not locked","timestamp":"2017-10-15T12:51:47.397Z"}
{"level":"debug","message":"Username is merchantAdmin1@mail.com","timestamp":"2017-10-15T12:51:47.649Z"}
{"level":"debug","message":"Response for getUser: merchantAdmin1@mail.com","timestamp":"2017-10-15T12:51:47.656Z"}
{"level":"debug","message":"User is not locked","timestamp":"2017-10-15T12:51:47.656Z"}
{"level":"debug","message":"Username is merchant1@mail.com","timestamp":"2017-10-15T12:51:47.774Z"}
{"level":"debug","message":"Response for getUser: merchant1@mail.com","timestamp":"2017-10-15T12:51:47.780Z"}
{"level":"debug","message":"User is not locked","timestamp":"2017-10-15T12:51:47.780Z"}
{"level":"debug","message":"Username is notExistingUser","timestamp":"2017-10-15T12:51:47.890Z"}
{"level":"debug","message":"Username is superAdmin1@mail.com","timestamp":"2017-10-15T12:51:47.898Z"}
{"level":"debug","message":"Response for getUser: superAdmin1@mail.com","timestamp":"2017-10-15T12:51:47.902Z"}
{"level":"debug","message":"User is not locked","timestamp":"2017-10-15T12:51:47.902Z"}
{"level":"debug","message":"User has failed to login 1 times","timestamp":"2017-10-15T12:51:48.002Z"}
{"level":"debug","message":"Username is superAdmin1@mail.com","timestamp":"2017-10-15T12:51:48.014Z"}
{"level":"debug","message":"Response for getUser: superAdmin1@mail.com","timestamp":"2017-10-15T12:51:48.017Z"}
{"level":"debug","message":"User is not locked","timestamp":"2017-10-15T12:51:48.017Z"}
{"level":"debug","message":"Username is superAdmin1@mail.com","timestamp":"2017-10-15T12:52:46.114Z"}
{"level":"debug","message":"Response for getUser: superAdmin1@mail.com","timestamp":"2017-10-15T12:52:46.124Z"}
{"level":"debug","message":"User is not locked","timestamp":"2017-10-15T12:52:46.124Z"}
{"level":"debug","message":"Username is merchantAdmin1@mail.com","timestamp":"2017-10-15T12:52:46.413Z"}
{"level":"debug","message":"Response for getUser: merchantAdmin1@mail.com","timestamp":"2017-10-15T12:52:46.419Z"}
{"level":"debug","message":"User is not locked","timestamp":"2017-10-15T12:52:46.419Z"}
{"level":"debug","message":"Username is merchant1@mail.com","timestamp":"2017-10-15T12:52:46.553Z"}
{"level":"debug","message":"Response for getUser: merchant1@mail.com","timestamp":"2017-10-15T12:52:46.560Z"}
{"level":"debug","message":"User is not locked","timestamp":"2017-10-15T12:52:46.560Z"}
{"level":"debug","message":"Username is notExistingUser","timestamp":"2017-10-15T12:52:46.680Z"}
{"level":"debug","message":"Username is superAdmin1@mail.com","timestamp":"2017-10-15T12:52:46.689Z"}
{"level":"debug","message":"Response for getUser: superAdmin1@mail.com","timestamp":"2017-10-15T12:52:46.692Z"}
{"level":"debug","message":"User is not locked","timestamp":"2017-10-15T12:52:46.692Z"}
{"level":"debug","message":"User has failed to login 1 times","timestamp":"2017-10-15T12:52:46.798Z"}
{"level":"debug","message":"Username is superAdmin1@mail.com","timestamp":"2017-10-15T12:52:46.808Z"}
{"level":"debug","message":"Response for getUser: superAdmin1@mail.com","timestamp":"2017-10-15T12:52:46.811Z"}
{"level":"debug","message":"User is not locked","timestamp":"2017-10-15T12:52:46.811Z"}
{"level":"debug","message":"Username is superAdmin1@mail.com","timestamp":"2017-10-15T12:54:03.975Z"}
{"level":"debug","message":"Response for getUser: superAdmin1@mail.com","timestamp":"2017-10-15T12:54:03.988Z"}
{"level":"debug","message":"User is not locked","timestamp":"2017-10-15T12:54:03.988Z"}
{"level":"debug","message":"Username is merchantAdmin1@mail.com","timestamp":"2017-10-15T12:54:04.265Z"}
{"level":"debug","message":"Response for getUser: merchantAdmin1@mail.com","timestamp":"2017-10-15T12:54:04.269Z"}
{"level":"debug","message":"User is not locked","timestamp":"2017-10-15T12:54:04.269Z"}
{"level":"debug","message":"Username is merchant1@mail.com","timestamp":"2017-10-15T12:54:05.261Z"}
{"level":"debug","message":"Response for getUser: merchant1@mail.com","timestamp":"2017-10-15T12:54:05.268Z"}
{"level":"debug","message":"User is not locked","timestamp":"2017-10-15T12:54:05.268Z"}
{"level":"debug","message":"Username is notExistingUser","timestamp":"2017-10-15T12:54:05.402Z"}
{"level":"debug","message":"Username is superAdmin1@mail.com","timestamp":"2017-10-15T12:54:05.410Z"}
{"level":"debug","message":"Response for getUser: superAdmin1@mail.com","timestamp":"2017-10-15T12:54:05.415Z"}
{"level":"debug","message":"User is not locked","timestamp":"2017-10-15T12:54:05.415Z"}
{"level":"debug","message":"User has failed to login 1 times","timestamp":"2017-10-15T12:54:05.538Z"}
{"level":"debug","message":"Username is superAdmin1@mail.com","timestamp":"2017-10-15T12:54:05.550Z"}
{"level":"debug","message":"Response for getUser: superAdmin1@mail.com","timestamp":"2017-10-15T12:54:05.553Z"}
{"level":"debug","message":"User is not locked","timestamp":"2017-10-15T12:54:05.554Z"}
{"level":"debug","message":"Username is superAdmin1@mail.com","timestamp":"2017-10-15T12:55:12.745Z"}
{"level":"debug","message":"Response for getUser: superAdmin1@mail.com","timestamp":"2017-10-15T12:55:12.755Z"}
{"level":"debug","message":"User is not locked","timestamp":"2017-10-15T12:55:12.755Z"}
{"level":"debug","message":"Username is merchantAdmin1@mail.com","timestamp":"2017-10-15T12:55:13.055Z"}
{"level":"debug","message":"Response for getUser: merchantAdmin1@mail.com","timestamp":"2017-10-15T12:55:13.062Z"}
{"level":"debug","message":"User is not locked","timestamp":"2017-10-15T12:55:13.063Z"}
{"level":"debug","message":"Username is merchant1@mail.com","timestamp":"2017-10-15T12:55:13.189Z"}
{"level":"debug","message":"Response for getUser: merchant1@mail.com","timestamp":"2017-10-15T12:55:13.194Z"}
{"level":"debug","message":"User is not locked","timestamp":"2017-10-15T12:55:13.194Z"}
{"level":"debug","message":"Username is notExistingUser","timestamp":"2017-10-15T12:55:13.312Z"}
{"level":"debug","message":"Username is superAdmin1@mail.com","timestamp":"2017-10-15T12:55:13.319Z"}
{"level":"debug","message":"Response for getUser: superAdmin1@mail.com","timestamp":"2017-10-15T12:55:13.323Z"}
{"level":"debug","message":"User is not locked","timestamp":"2017-10-15T12:55:13.323Z"}
{"level":"debug","message":"User has failed to login 1 times","timestamp":"2017-10-15T12:55:13.428Z"}
{"level":"debug","message":"Username is superAdmin1@mail.com","timestamp":"2017-10-15T12:55:13.438Z"}
{"level":"debug","message":"Response for getUser: superAdmin1@mail.com","timestamp":"2017-10-15T12:55:13.442Z"}
{"level":"debug","message":"User is not locked","timestamp":"2017-10-15T12:55:13.442Z"}
{"level":"debug","message":"Username is superAdmin1@mail.com","timestamp":"2017-10-15T12:55:30.587Z"}
{"level":"debug","message":"Response for getUser: superAdmin1@mail.com","timestamp":"2017-10-15T12:55:30.592Z"}
{"level":"debug","message":"User is not locked","timestamp":"2017-10-15T12:55:30.592Z"}
{"level":"debug","message":"Username is merchantAdmin1@mail.com","timestamp":"2017-10-15T12:55:30.722Z"}
{"level":"debug","message":"Response for getUser: merchantAdmin1@mail.com","timestamp":"2017-10-15T12:55:30.725Z"}
{"level":"debug","message":"User is not locked","timestamp":"2017-10-15T12:55:30.725Z"}
{"level":"debug","message":"Username is merchant1@mail.com","timestamp":"2017-10-15T12:55:30.836Z"}
{"level":"debug","message":"Response for getUser: merchant1@mail.com","timestamp":"2017-10-15T12:55:30.840Z"}
{"level":"debug","message":"User is not locked","timestamp":"2017-10-15T12:55:30.841Z"}
{"level":"debug","message":"Username is notExistingUser","timestamp":"2017-10-15T12:55:30.957Z"}
{"level":"debug","message":"Username is superAdmin1@mail.com","timestamp":"2017-10-15T12:55:30.964Z"}
{"level":"debug","message":"Response for getUser: superAdmin1@mail.com","timestamp":"2017-10-15T12:55:30.968Z"}
{"level":"debug","message":"User is not locked","timestamp":"2017-10-15T12:55:30.968Z"}
{"level":"debug","message":"User has failed to login 1 times","timestamp":"2017-10-15T12:55:31.075Z"}
{"level":"debug","message":"Username is superAdmin1@mail.com","timestamp":"2017-10-15T12:55:31.088Z"}
{"level":"debug","message":"Response for getUser: superAdmin1@mail.com","timestamp":"2017-10-15T12:55:31.090Z"}
{"level":"debug","message":"User is not locked","timestamp":"2017-10-15T12:55:31.090Z"}
{"level":"debug","message":"Username is superAdmin1@mail.com","timestamp":"2017-10-15T12:57:37.253Z"}
{"level":"debug","message":"Response for getUser: superAdmin1@mail.com","timestamp":"2017-10-15T12:57:37.268Z"}
{"level":"debug","message":"User is not locked","timestamp":"2017-10-15T12:57:37.268Z"}
{"level":"debug","message":"Username is merchantAdmin1@mail.com","timestamp":"2017-10-15T12:57:37.592Z"}
{"level":"debug","message":"Response for getUser: merchantAdmin1@mail.com","timestamp":"2017-10-15T12:57:37.596Z"}
{"level":"debug","message":"User is not locked","timestamp":"2017-10-15T12:57:37.596Z"}
{"level":"debug","message":"Username is merchant1@mail.com","timestamp":"2017-10-15T12:57:37.712Z"}
{"level":"debug","message":"Response for getUser: merchant1@mail.com","timestamp":"2017-10-15T12:57:37.716Z"}
{"level":"debug","message":"User is not locked","timestamp":"2017-10-15T12:57:37.716Z"}
{"level":"debug","message":"Username is notExistingUser","timestamp":"2017-10-15T12:57:37.826Z"}
{"level":"debug","message":"Username is superAdmin1@mail.com","timestamp":"2017-10-15T12:57:37.834Z"}
{"level":"debug","message":"Response for getUser: superAdmin1@mail.com","timestamp":"2017-10-15T12:57:37.838Z"}
{"level":"debug","message":"User is not locked","timestamp":"2017-10-15T12:57:37.838Z"}
{"level":"debug","message":"User has failed to login 1 times","timestamp":"2017-10-15T12:57:37.940Z"}
{"level":"debug","message":"Username is superAdmin1@mail.com","timestamp":"2017-10-15T12:57:37.952Z"}
{"level":"debug","message":"Response for getUser: superAdmin1@mail.com","timestamp":"2017-10-15T12:57:37.955Z"}
{"level":"debug","message":"User is not locked","timestamp":"2017-10-15T12:57:37.955Z"}
{"level":"debug","message":"Username is superAdmin1@mail.com","timestamp":"2017-10-15T12:58:55.394Z"}
{"level":"debug","message":"Response for getUser: superAdmin1@mail.com","timestamp":"2017-10-15T12:58:55.407Z"}
{"level":"debug","message":"User is not locked","timestamp":"2017-10-15T12:58:55.408Z"}
{"level":"debug","message":"Username is merchantAdmin1@mail.com","timestamp":"2017-10-15T12:58:55.717Z"}
{"level":"debug","message":"Response for getUser: merchantAdmin1@mail.com","timestamp":"2017-10-15T12:58:55.722Z"}
{"level":"debug","message":"User is not locked","timestamp":"2017-10-15T12:58:55.722Z"}
{"level":"debug","message":"Username is merchant1@mail.com","timestamp":"2017-10-15T12:58:55.841Z"}
{"level":"debug","message":"Response for getUser: merchant1@mail.com","timestamp":"2017-10-15T12:58:55.845Z"}
{"level":"debug","message":"User is not locked","timestamp":"2017-10-15T12:58:55.846Z"}
{"level":"debug","message":"Username is notExistingUser","timestamp":"2017-10-15T12:58:55.955Z"}
{"level":"debug","message":"Username is superAdmin1@mail.com","timestamp":"2017-10-15T12:58:55.964Z"}
{"level":"debug","message":"Response for getUser: superAdmin1@mail.com","timestamp":"2017-10-15T12:58:55.967Z"}
{"level":"debug","message":"User is not locked","timestamp":"2017-10-15T12:58:55.967Z"}
{"level":"debug","message":"User has failed to login 1 times","timestamp":"2017-10-15T12:58:56.074Z"}
{"level":"debug","message":"Username is superAdmin1@mail.com","timestamp":"2017-10-15T12:58:56.083Z"}
{"level":"debug","message":"Response for getUser: superAdmin1@mail.com","timestamp":"2017-10-15T12:58:56.087Z"}
{"level":"debug","message":"User is not locked","timestamp":"2017-10-15T12:58:56.087Z"}
{"level":"debug","message":"Username is superAdmin1@mail.com","timestamp":"2017-10-15T13:00:12.115Z"}
{"level":"debug","message":"Response for getUser: superAdmin1@mail.com","timestamp":"2017-10-15T13:00:12.125Z"}
{"level":"debug","message":"User is not locked","timestamp":"2017-10-15T13:00:12.125Z"}
{"level":"debug","message":"Username is merchantAdmin1@mail.com","timestamp":"2017-10-15T13:00:12.454Z"}
{"level":"debug","message":"Response for getUser: merchantAdmin1@mail.com","timestamp":"2017-10-15T13:00:12.462Z"}
{"level":"debug","message":"User is not locked","timestamp":"2017-10-15T13:00:12.462Z"}
{"level":"debug","message":"Username is merchant1@mail.com","timestamp":"2017-10-15T13:00:12.596Z"}
{"level":"debug","message":"Response for getUser: merchant1@mail.com","timestamp":"2017-10-15T13:00:12.602Z"}
{"level":"debug","message":"User is not locked","timestamp":"2017-10-15T13:00:12.602Z"}
{"level":"debug","message":"Username is notExistingUser","timestamp":"2017-10-15T13:00:12.716Z"}
{"level":"debug","message":"Username is superAdmin1@mail.com","timestamp":"2017-10-15T13:00:12.723Z"}
{"level":"debug","message":"Response for getUser: superAdmin1@mail.com","timestamp":"2017-10-15T13:00:12.728Z"}
{"level":"debug","message":"User is not locked","timestamp":"2017-10-15T13:00:12.728Z"}
{"level":"debug","message":"User has failed to login 1 times","timestamp":"2017-10-15T13:00:12.833Z"}
{"level":"debug","message":"Username is superAdmin1@mail.com","timestamp":"2017-10-15T13:00:12.843Z"}
{"level":"debug","message":"Response for getUser: superAdmin1@mail.com","timestamp":"2017-10-15T13:00:12.846Z"}
{"level":"debug","message":"User is not locked","timestamp":"2017-10-15T13:00:12.846Z"}
{"level":"debug","message":"Username is superAdmin1@mail.com","timestamp":"2017-10-15T13:01:08.671Z"}
{"level":"debug","message":"Response for getUser: superAdmin1@mail.com","timestamp":"2017-10-15T13:01:08.684Z"}
{"level":"debug","message":"User is not locked","timestamp":"2017-10-15T13:01:08.684Z"}
{"level":"debug","message":"Username is merchantAdmin1@mail.com","timestamp":"2017-10-15T13:01:09.016Z"}
{"level":"debug","message":"Response for getUser: merchantAdmin1@mail.com","timestamp":"2017-10-15T13:01:09.023Z"}
{"level":"debug","message":"User is not locked","timestamp":"2017-10-15T13:01:09.023Z"}
{"level":"debug","message":"Username is merchant1@mail.com","timestamp":"2017-10-15T13:01:09.144Z"}
{"level":"debug","message":"Response for getUser: merchant1@mail.com","timestamp":"2017-10-15T13:01:09.150Z"}
{"level":"debug","message":"User is not locked","timestamp":"2017-10-15T13:01:09.150Z"}
{"level":"debug","message":"Username is notExistingUser","timestamp":"2017-10-15T13:01:09.269Z"}
{"level":"debug","message":"Username is superAdmin1@mail.com","timestamp":"2017-10-15T13:01:09.277Z"}
{"level":"debug","message":"Response for getUser: superAdmin1@mail.com","timestamp":"2017-10-15T13:01:09.281Z"}
{"level":"debug","message":"User is not locked","timestamp":"2017-10-15T13:01:09.281Z"}
{"level":"debug","message":"User has failed to login 1 times","timestamp":"2017-10-15T13:01:09.383Z"}
{"level":"debug","message":"Username is superAdmin1@mail.com","timestamp":"2017-10-15T13:01:09.394Z"}
{"level":"debug","message":"Response for getUser: superAdmin1@mail.com","timestamp":"2017-10-15T13:01:09.397Z"}
{"level":"debug","message":"User is not locked","timestamp":"2017-10-15T13:01:09.397Z"}
{"level":"debug","message":"Username is superAdmin1@mail.com","timestamp":"2017-10-15T13:02:07.730Z"}
{"level":"debug","message":"Response for getUser: superAdmin1@mail.com","timestamp":"2017-10-15T13:02:07.740Z"}
{"level":"debug","message":"User is not locked","timestamp":"2017-10-15T13:02:07.740Z"}
{"level":"debug","message":"Username is merchantAdmin1@mail.com","timestamp":"2017-10-15T13:02:08.024Z"}
{"level":"debug","message":"Response for getUser: merchantAdmin1@mail.com","timestamp":"2017-10-15T13:02:08.034Z"}
{"level":"debug","message":"User is not locked","timestamp":"2017-10-15T13:02:08.034Z"}
{"level":"debug","message":"Username is merchant1@mail.com","timestamp":"2017-10-15T13:02:08.162Z"}
{"level":"debug","message":"Response for getUser: merchant1@mail.com","timestamp":"2017-10-15T13:02:08.167Z"}
{"level":"debug","message":"User is not locked","timestamp":"2017-10-15T13:02:08.167Z"}
{"level":"debug","message":"Username is notExistingUser","timestamp":"2017-10-15T13:02:08.286Z"}
{"level":"debug","message":"Username is superAdmin1@mail.com","timestamp":"2017-10-15T13:02:08.294Z"}
{"level":"debug","message":"Response for getUser: superAdmin1@mail.com","timestamp":"2017-10-15T13:02:08.297Z"}
{"level":"debug","message":"User is not locked","timestamp":"2017-10-15T13:02:08.297Z"}
{"level":"debug","message":"User has failed to login 1 times","timestamp":"2017-10-15T13:02:08.401Z"}
{"level":"debug","message":"Username is superAdmin1@mail.com","timestamp":"2017-10-15T13:02:08.413Z"}
{"level":"debug","message":"Response for getUser: superAdmin1@mail.com","timestamp":"2017-10-15T13:02:08.417Z"}
{"level":"debug","message":"User is not locked","timestamp":"2017-10-15T13:02:08.417Z"}
{"level":"debug","message":"Username is superAdmin1@mail.com","timestamp":"2017-10-15T13:03:44.414Z"}
{"level":"debug","message":"Response for getUser: superAdmin1@mail.com","timestamp":"2017-10-15T13:03:44.428Z"}
{"level":"debug","message":"User is not locked","timestamp":"2017-10-15T13:03:44.428Z"}
{"level":"debug","message":"Username is merchantAdmin1@mail.com","timestamp":"2017-10-15T13:03:44.731Z"}
{"level":"debug","message":"Response for getUser: merchantAdmin1@mail.com","timestamp":"2017-10-15T13:03:44.735Z"}
{"level":"debug","message":"User is not locked","timestamp":"2017-10-15T13:03:44.735Z"}
{"level":"debug","message":"Username is merchant1@mail.com","timestamp":"2017-10-15T13:03:44.855Z"}
{"level":"debug","message":"Response for getUser: merchant1@mail.com","timestamp":"2017-10-15T13:03:44.862Z"}
{"level":"debug","message":"User is not locked","timestamp":"2017-10-15T13:03:44.862Z"}
{"level":"debug","message":"Username is notExistingUser","timestamp":"2017-10-15T13:03:44.972Z"}
{"level":"debug","message":"Username is superAdmin1@mail.com","timestamp":"2017-10-15T13:03:44.980Z"}
{"level":"debug","message":"Response for getUser: superAdmin1@mail.com","timestamp":"2017-10-15T13:03:44.984Z"}
{"level":"debug","message":"User is not locked","timestamp":"2017-10-15T13:03:44.985Z"}
{"level":"debug","message":"User has failed to login 1 times","timestamp":"2017-10-15T13:03:45.088Z"}
{"level":"debug","message":"Username is superAdmin1@mail.com","timestamp":"2017-10-15T13:03:45.099Z"}
{"level":"debug","message":"Response for getUser: superAdmin1@mail.com","timestamp":"2017-10-15T13:03:45.102Z"}
{"level":"debug","message":"User is not locked","timestamp":"2017-10-15T13:03:45.102Z"}
{"level":"debug","message":"Username is superAdmin1@mail.com","timestamp":"2017-10-15T13:11:30.845Z"}
{"level":"debug","message":"Response for getUser: superAdmin1@mail.com","timestamp":"2017-10-15T13:11:30.859Z"}
{"level":"debug","message":"User is not locked","timestamp":"2017-10-15T13:11:30.860Z"}
{"level":"debug","message":"Username is merchantAdmin1@mail.com","timestamp":"2017-10-15T13:11:31.185Z"}
{"level":"debug","message":"Response for getUser: merchantAdmin1@mail.com","timestamp":"2017-10-15T13:11:31.190Z"}
{"level":"debug","message":"User is not locked","timestamp":"2017-10-15T13:11:31.190Z"}
{"level":"debug","message":"Username is merchant1@mail.com","timestamp":"2017-10-15T13:11:31.316Z"}
{"level":"debug","message":"Response for getUser: merchant1@mail.com","timestamp":"2017-10-15T13:11:31.323Z"}
{"level":"debug","message":"User is not locked","timestamp":"2017-10-15T13:11:31.323Z"}
{"level":"debug","message":"Username is notExistingUser","timestamp":"2017-10-15T13:11:31.442Z"}
{"level":"debug","message":"Username is superAdmin1@mail.com","timestamp":"2017-10-15T13:11:31.450Z"}
{"level":"debug","message":"Response for getUser: superAdmin1@mail.com","timestamp":"2017-10-15T13:11:31.455Z"}
{"level":"debug","message":"User is not locked","timestamp":"2017-10-15T13:11:31.455Z"}
{"level":"debug","message":"User has failed to login 1 times","timestamp":"2017-10-15T13:11:31.561Z"}
{"level":"debug","message":"Username is superAdmin1@mail.com","timestamp":"2017-10-15T13:11:31.573Z"}
{"level":"debug","message":"Response for getUser: superAdmin1@mail.com","timestamp":"2017-10-15T13:11:31.576Z"}
{"level":"debug","message":"User is not locked","timestamp":"2017-10-15T13:11:31.576Z"}
{"level":"debug","message":"Username is merchantAdmin1@mail.com","timestamp":"2017-10-15T13:15:31.485Z"}
{"level":"debug","message":"Response for getUser: merchantAdmin1@mail.com","timestamp":"2017-10-15T13:15:31.498Z"}
{"level":"debug","message":"User is not locked","timestamp":"2017-10-15T13:15:31.498Z"}
{"level":"debug","message":"Username is merchantAdmin1@mail.com","timestamp":"2017-10-15T13:15:55.626Z"}
{"level":"debug","message":"Response for getUser: merchantAdmin1@mail.com","timestamp":"2017-10-15T13:15:55.629Z"}
{"level":"debug","message":"User is not locked","timestamp":"2017-10-15T13:15:55.629Z"}
{"level":"debug","message":"Username is merchantAdmin1@mail.com","timestamp":"2017-10-15T13:16:54.569Z"}
{"level":"debug","message":"Response for getUser: merchantAdmin1@mail.com","timestamp":"2017-10-15T13:16:54.573Z"}
{"level":"debug","message":"User is not locked","timestamp":"2017-10-15T13:16:54.573Z"}
{"level":"debug","message":"Username is merchantAdmin1@mail.com","timestamp":"2017-10-15T13:18:52.671Z"}
{"level":"debug","message":"Response for getUser: merchantAdmin1@mail.com","timestamp":"2017-10-15T13:18:52.685Z"}
{"level":"debug","message":"User is not locked","timestamp":"2017-10-15T13:18:52.685Z"}
{"level":"debug","message":"VSC-Frontend Logout API and successfully logout merchantAdmin1@mail.com","timestamp":"2017-10-15T13:27:50.655Z"}
{"level":"debug","message":"Username is superAdmin1@mail.com","timestamp":"2017-10-15T13:30:22.079Z"}
{"level":"debug","message":"Response for getUser: superAdmin1@mail.com","timestamp":"2017-10-15T13:30:22.092Z"}
{"level":"debug","message":"User is not locked","timestamp":"2017-10-15T13:30:22.092Z"}
{"level":"debug","message":"Username is merchantAdmin1@mail.com","timestamp":"2017-10-15T13:30:22.346Z"}
{"level":"debug","message":"Response for getUser: merchantAdmin1@mail.com","timestamp":"2017-10-15T13:30:22.351Z"}
{"level":"debug","message":"User is not locked","timestamp":"2017-10-15T13:30:22.352Z"}
{"level":"debug","message":"Username is merchant1@mail.com","timestamp":"2017-10-15T13:30:22.476Z"}
{"level":"debug","message":"Response for getUser: merchant1@mail.com","timestamp":"2017-10-15T13:30:22.482Z"}
{"level":"debug","message":"User is not locked","timestamp":"2017-10-15T13:30:22.482Z"}
{"level":"debug","message":"Username is notExistingUser","timestamp":"2017-10-15T13:30:22.593Z"}
{"level":"debug","message":"Username is superAdmin1@mail.com","timestamp":"2017-10-15T13:30:22.602Z"}
{"level":"debug","message":"Response for getUser: superAdmin1@mail.com","timestamp":"2017-10-15T13:30:22.607Z"}
{"level":"debug","message":"User is not locked","timestamp":"2017-10-15T13:30:22.607Z"}
{"level":"debug","message":"User has failed to login 1 times","timestamp":"2017-10-15T13:30:22.710Z"}
{"level":"debug","message":"Username is superAdmin1@mail.com","timestamp":"2017-10-15T13:30:22.720Z"}
{"level":"debug","message":"Response for getUser: superAdmin1@mail.com","timestamp":"2017-10-15T13:30:22.723Z"}
{"level":"debug","message":"User is not locked","timestamp":"2017-10-15T13:30:22.723Z"}
{"level":"debug","message":"VSC-Frontend Logout API and successfully logout merchant1@mail.com","timestamp":"2017-10-15T13:30:23.343Z"}
{"level":"debug","message":"Username is superAdmin1@mail.com","timestamp":"2017-10-15T13:31:09.492Z"}
{"level":"debug","message":"Response for getUser: superAdmin1@mail.com","timestamp":"2017-10-15T13:31:09.506Z"}
{"level":"debug","message":"User is not locked","timestamp":"2017-10-15T13:31:09.506Z"}
{"level":"debug","message":"Username is merchantAdmin1@mail.com","timestamp":"2017-10-15T13:31:09.756Z"}
{"level":"debug","message":"Response for getUser: merchantAdmin1@mail.com","timestamp":"2017-10-15T13:31:09.760Z"}
{"level":"debug","message":"User is not locked","timestamp":"2017-10-15T13:31:09.760Z"}
{"level":"debug","message":"Username is merchant1@mail.com","timestamp":"2017-10-15T13:31:09.873Z"}
{"level":"debug","message":"Response for getUser: merchant1@mail.com","timestamp":"2017-10-15T13:31:09.879Z"}
{"level":"debug","message":"User is not locked","timestamp":"2017-10-15T13:31:09.879Z"}
{"level":"debug","message":"Username is notExistingUser","timestamp":"2017-10-15T13:31:09.992Z"}
{"level":"debug","message":"Username is superAdmin1@mail.com","timestamp":"2017-10-15T13:31:10.000Z"}
{"level":"debug","message":"Response for getUser: superAdmin1@mail.com","timestamp":"2017-10-15T13:31:10.005Z"}
{"level":"debug","message":"User is not locked","timestamp":"2017-10-15T13:31:10.005Z"}
{"level":"debug","message":"User has failed to login 1 times","timestamp":"2017-10-15T13:31:10.104Z"}
{"level":"debug","message":"Username is superAdmin1@mail.com","timestamp":"2017-10-15T13:31:10.115Z"}
{"level":"debug","message":"Response for getUser: superAdmin1@mail.com","timestamp":"2017-10-15T13:31:10.118Z"}
{"level":"debug","message":"User is not locked","timestamp":"2017-10-15T13:31:10.118Z"}
{"level":"debug","message":"VSC-Frontend Logout API and successfully logout merchant1@mail.com","timestamp":"2017-10-15T13:31:10.676Z"}
{"level":"debug","message":"Username is superAdmin1@mail.com","timestamp":"2017-10-15T13:32:03.220Z"}
{"level":"debug","message":"Response for getUser: superAdmin1@mail.com","timestamp":"2017-10-15T13:32:03.230Z"}
{"level":"debug","message":"User is not locked","timestamp":"2017-10-15T13:32:03.230Z"}
{"level":"debug","message":"Username is merchantAdmin1@mail.com","timestamp":"2017-10-15T13:32:03.506Z"}
{"level":"debug","message":"Response for getUser: merchantAdmin1@mail.com","timestamp":"2017-10-15T13:32:03.513Z"}
{"level":"debug","message":"User is not locked","timestamp":"2017-10-15T13:32:03.513Z"}
{"level":"debug","message":"Username is merchant1@mail.com","timestamp":"2017-10-15T13:32:03.647Z"}
{"level":"debug","message":"Response for getUser: merchant1@mail.com","timestamp":"2017-10-15T13:32:03.654Z"}
{"level":"debug","message":"User is not locked","timestamp":"2017-10-15T13:32:03.654Z"}
{"level":"debug","message":"Username is notExistingUser","timestamp":"2017-10-15T13:32:03.772Z"}
{"level":"debug","message":"Username is superAdmin1@mail.com","timestamp":"2017-10-15T13:32:03.780Z"}
{"level":"debug","message":"Response for getUser: superAdmin1@mail.com","timestamp":"2017-10-15T13:32:03.784Z"}
{"level":"debug","message":"User is not locked","timestamp":"2017-10-15T13:32:03.785Z"}
{"level":"debug","message":"User has failed to login 1 times","timestamp":"2017-10-15T13:32:03.895Z"}
{"level":"debug","message":"Username is superAdmin1@mail.com","timestamp":"2017-10-15T13:32:03.905Z"}
{"level":"debug","message":"Response for getUser: superAdmin1@mail.com","timestamp":"2017-10-15T13:32:03.908Z"}
{"level":"debug","message":"User is not locked","timestamp":"2017-10-15T13:32:03.908Z"}
{"level":"debug","message":"VSC-Frontend Logout API and successfully logout merchant1@mail.com","timestamp":"2017-10-15T13:32:04.472Z"}
{"level":"debug","message":"Username is superAdmin1@mail.com","timestamp":"2017-10-15T13:34:52.179Z"}
{"level":"debug","message":"Response for getUser: superAdmin1@mail.com","timestamp":"2017-10-15T13:34:52.193Z"}
{"level":"debug","message":"User is not locked","timestamp":"2017-10-15T13:34:52.193Z"}
{"level":"debug","message":"Username is merchantAdmin1@mail.com","timestamp":"2017-10-15T13:34:52.377Z"}
{"level":"debug","message":"Response for getUser: merchantAdmin1@mail.com","timestamp":"2017-10-15T13:34:52.383Z"}
{"level":"debug","message":"User is not locked","timestamp":"2017-10-15T13:34:52.383Z"}
{"level":"debug","message":"Username is merchant1@mail.com","timestamp":"2017-10-15T13:34:52.507Z"}
{"level":"debug","message":"Response for getUser: merchant1@mail.com","timestamp":"2017-10-15T13:34:52.512Z"}
{"level":"debug","message":"User is not locked","timestamp":"2017-10-15T13:34:52.512Z"}
{"level":"debug","message":"Username is notExistingUser","timestamp":"2017-10-15T13:34:52.624Z"}
{"level":"debug","message":"Username is superAdmin1@mail.com","timestamp":"2017-10-15T13:34:52.632Z"}
{"level":"debug","message":"Response for getUser: superAdmin1@mail.com","timestamp":"2017-10-15T13:34:52.637Z"}
{"level":"debug","message":"User is not locked","timestamp":"2017-10-15T13:34:52.637Z"}
{"level":"debug","message":"User has failed to login 1 times","timestamp":"2017-10-15T13:34:52.738Z"}
{"level":"debug","message":"Username is superAdmin1@mail.com","timestamp":"2017-10-15T13:34:52.751Z"}
{"level":"debug","message":"Response for getUser: superAdmin1@mail.com","timestamp":"2017-10-15T13:34:52.755Z"}
{"level":"debug","message":"User is not locked","timestamp":"2017-10-15T13:34:52.755Z"}
{"level":"debug","message":"VSC-Frontend Logout API and successfully logout merchant1@mail.com","timestamp":"2017-10-15T13:34:53.305Z"}
{"level":"debug","message":"Username is superAdmin1@mail.com","timestamp":"2017-10-15T13:37:14.063Z"}
{"level":"debug","message":"Response for getUser: superAdmin1@mail.com","timestamp":"2017-10-15T13:37:14.074Z"}
{"level":"debug","message":"User is not locked","timestamp":"2017-10-15T13:37:14.074Z"}
{"level":"debug","message":"Username is merchantAdmin1@mail.com","timestamp":"2017-10-15T13:37:14.242Z"}
{"level":"debug","message":"Response for getUser: merchantAdmin1@mail.com","timestamp":"2017-10-15T13:37:14.248Z"}
{"level":"debug","message":"User is not locked","timestamp":"2017-10-15T13:37:14.248Z"}
{"level":"debug","message":"Username is merchant1@mail.com","timestamp":"2017-10-15T13:37:14.386Z"}
{"level":"debug","message":"Response for getUser: merchant1@mail.com","timestamp":"2017-10-15T13:37:14.395Z"}
{"level":"debug","message":"User is not locked","timestamp":"2017-10-15T13:37:14.395Z"}
{"level":"debug","message":"Username is notExistingUser","timestamp":"2017-10-15T13:37:14.498Z"}
{"level":"debug","message":"Username is superAdmin1@mail.com","timestamp":"2017-10-15T13:37:14.508Z"}
{"level":"debug","message":"Response for getUser: superAdmin1@mail.com","timestamp":"2017-10-15T13:37:14.512Z"}
{"level":"debug","message":"User is not locked","timestamp":"2017-10-15T13:37:14.512Z"}
{"level":"debug","message":"User has failed to login 1 times","timestamp":"2017-10-15T13:37:14.622Z"}
{"level":"debug","message":"Username is superAdmin1@mail.com","timestamp":"2017-10-15T13:37:14.634Z"}
{"level":"debug","message":"Response for getUser: superAdmin1@mail.com","timestamp":"2017-10-15T13:37:14.638Z"}
{"level":"debug","message":"User is not locked","timestamp":"2017-10-15T13:37:14.638Z"}
{"level":"debug","message":"VSC-Frontend Logout API and successfully logout merchant1@mail.com","timestamp":"2017-10-15T13:37:15.215Z"}
{"level":"debug","message":"Username is superAdmin1@mail.com","timestamp":"2017-10-15T13:43:03.944Z"}
{"level":"debug","message":"Response for getUser: superAdmin1@mail.com","timestamp":"2017-10-15T13:43:03.954Z"}
{"level":"debug","message":"User is not locked","timestamp":"2017-10-15T13:43:03.954Z"}
{"level":"debug","message":"Username is merchantAdmin1@mail.com","timestamp":"2017-10-15T13:43:04.272Z"}
{"level":"debug","message":"Response for getUser: merchantAdmin1@mail.com","timestamp":"2017-10-15T13:43:04.284Z"}
{"level":"debug","message":"User is not locked","timestamp":"2017-10-15T13:43:04.284Z"}
{"level":"debug","message":"Username is merchant1@mail.com","timestamp":"2017-10-15T13:43:04.418Z"}
{"level":"debug","message":"Response for getUser: merchant1@mail.com","timestamp":"2017-10-15T13:43:04.424Z"}
{"level":"debug","message":"User is not locked","timestamp":"2017-10-15T13:43:04.424Z"}
{"level":"debug","message":"Username is notExistingUser","timestamp":"2017-10-15T13:43:04.553Z"}
{"level":"debug","message":"Username is superAdmin1@mail.com","timestamp":"2017-10-15T13:43:04.561Z"}
{"level":"debug","message":"Response for getUser: superAdmin1@mail.com","timestamp":"2017-10-15T13:43:04.566Z"}
{"level":"debug","message":"User is not locked","timestamp":"2017-10-15T13:43:04.566Z"}
{"level":"debug","message":"User has failed to login 1 times","timestamp":"2017-10-15T13:43:04.698Z"}
{"level":"debug","message":"Username is superAdmin1@mail.com","timestamp":"2017-10-15T13:43:04.709Z"}
{"level":"debug","message":"Response for getUser: superAdmin1@mail.com","timestamp":"2017-10-15T13:43:04.712Z"}
{"level":"debug","message":"User is not locked","timestamp":"2017-10-15T13:43:04.712Z"}
{"level":"debug","message":"Username is superAdmin1@mail.com","timestamp":"2017-10-15T13:43:51.365Z"}
{"level":"debug","message":"Response for getUser: superAdmin1@mail.com","timestamp":"2017-10-15T13:43:51.376Z"}
{"level":"debug","message":"User is not locked","timestamp":"2017-10-15T13:43:51.376Z"}
{"level":"debug","message":"Username is merchantAdmin1@mail.com","timestamp":"2017-10-15T13:43:51.692Z"}
{"level":"debug","message":"Response for getUser: merchantAdmin1@mail.com","timestamp":"2017-10-15T13:43:51.700Z"}
{"level":"debug","message":"User is not locked","timestamp":"2017-10-15T13:43:51.700Z"}
{"level":"debug","message":"Username is merchant1@mail.com","timestamp":"2017-10-15T13:43:51.834Z"}
{"level":"debug","message":"Response for getUser: merchant1@mail.com","timestamp":"2017-10-15T13:43:51.841Z"}
{"level":"debug","message":"User is not locked","timestamp":"2017-10-15T13:43:51.841Z"}
{"level":"debug","message":"Username is notExistingUser","timestamp":"2017-10-15T13:43:51.957Z"}
{"level":"debug","message":"Username is superAdmin1@mail.com","timestamp":"2017-10-15T13:43:51.966Z"}
{"level":"debug","message":"Response for getUser: superAdmin1@mail.com","timestamp":"2017-10-15T13:43:51.970Z"}
{"level":"debug","message":"User is not locked","timestamp":"2017-10-15T13:43:51.971Z"}
{"level":"debug","message":"User has failed to login 1 times","timestamp":"2017-10-15T13:43:52.105Z"}
{"level":"debug","message":"Username is superAdmin1@mail.com","timestamp":"2017-10-15T13:43:52.116Z"}
{"level":"debug","message":"Response for getUser: superAdmin1@mail.com","timestamp":"2017-10-15T13:43:52.119Z"}
{"level":"debug","message":"User is not locked","timestamp":"2017-10-15T13:43:52.119Z"}
{"level":"debug","message":"VSC-Frontend Logout API and successfully logout merchant1@mail.com","timestamp":"2017-10-15T13:43:53.049Z"}
{"level":"debug","message":"Username is superAdmin1@mail.com","timestamp":"2017-10-15T14:09:29.852Z"}
{"level":"debug","message":"Response for getUser: superAdmin1@mail.com","timestamp":"2017-10-15T14:09:29.862Z"}
{"level":"debug","message":"User is not locked","timestamp":"2017-10-15T14:09:29.862Z"}
{"level":"debug","message":"Username is merchantAdmin1@mail.com","timestamp":"2017-10-15T14:09:30.138Z"}
{"level":"debug","message":"Response for getUser: merchantAdmin1@mail.com","timestamp":"2017-10-15T14:09:30.148Z"}
{"level":"debug","message":"User is not locked","timestamp":"2017-10-15T14:09:30.148Z"}
{"level":"debug","message":"Username is merchant1@mail.com","timestamp":"2017-10-15T14:09:30.283Z"}
{"level":"debug","message":"Response for getUser: merchant1@mail.com","timestamp":"2017-10-15T14:09:30.289Z"}
{"level":"debug","message":"User is not locked","timestamp":"2017-10-15T14:09:30.289Z"}
{"level":"debug","message":"Username is notExistingUser","timestamp":"2017-10-15T14:09:30.408Z"}
{"level":"debug","message":"Username is superAdmin1@mail.com","timestamp":"2017-10-15T14:09:30.429Z"}
{"level":"debug","message":"Response for getUser: superAdmin1@mail.com","timestamp":"2017-10-15T14:09:30.432Z"}
{"level":"debug","message":"User is not locked","timestamp":"2017-10-15T14:09:30.433Z"}
{"level":"debug","message":"User has failed to login 1 times","timestamp":"2017-10-15T14:09:30.539Z"}
{"level":"debug","message":"Username is superAdmin1@mail.com","timestamp":"2017-10-15T14:09:30.553Z"}
{"level":"debug","message":"Response for getUser: superAdmin1@mail.com","timestamp":"2017-10-15T14:09:30.556Z"}
{"level":"debug","message":"User is not locked","timestamp":"2017-10-15T14:09:30.556Z"}
{"level":"debug","message":"VSC-Frontend Logout API and successfully logout merchant1@mail.com","timestamp":"2017-10-15T14:09:31.442Z"}
{"level":"debug","message":"Username is superAdmin1@mail.com","timestamp":"2017-10-15T14:16:27.972Z"}
{"level":"debug","message":"Response for getUser: superAdmin1@mail.com","timestamp":"2017-10-15T14:16:27.983Z"}
{"level":"debug","message":"User is not locked","timestamp":"2017-10-15T14:16:27.983Z"}
{"level":"debug","message":"Username is merchantAdmin1@mail.com","timestamp":"2017-10-15T14:16:28.148Z"}
{"level":"debug","message":"Response for getUser: merchantAdmin1@mail.com","timestamp":"2017-10-15T14:16:28.155Z"}
{"level":"debug","message":"User is not locked","timestamp":"2017-10-15T14:16:28.155Z"}
{"level":"debug","message":"Username is merchant1@mail.com","timestamp":"2017-10-15T14:16:28.289Z"}
{"level":"debug","message":"Response for getUser: merchant1@mail.com","timestamp":"2017-10-15T14:16:28.295Z"}
{"level":"debug","message":"User is not locked","timestamp":"2017-10-15T14:16:28.295Z"}
{"level":"debug","message":"Username is notExistingUser","timestamp":"2017-10-15T14:16:28.413Z"}
{"level":"debug","message":"Username is superAdmin1@mail.com","timestamp":"2017-10-15T14:16:28.424Z"}
{"level":"debug","message":"Response for getUser: superAdmin1@mail.com","timestamp":"2017-10-15T14:16:28.427Z"}
{"level":"debug","message":"User is not locked","timestamp":"2017-10-15T14:16:28.427Z"}
{"level":"debug","message":"User has failed to login 1 times","timestamp":"2017-10-15T14:16:28.542Z"}
{"level":"debug","message":"Username is superAdmin1@mail.com","timestamp":"2017-10-15T14:16:28.555Z"}
{"level":"debug","message":"Response for getUser: superAdmin1@mail.com","timestamp":"2017-10-15T14:16:28.559Z"}
{"level":"debug","message":"User is not locked","timestamp":"2017-10-15T14:16:28.559Z"}
{"level":"debug","message":"VSC-Frontend Logout API and successfully logout merchant1@mail.com","timestamp":"2017-10-15T14:16:29.311Z"}
{"level":"debug","message":"Username is superAdmin1@mail.com","timestamp":"2017-10-15T14:19:58.066Z"}
{"level":"debug","message":"Response for getUser: superAdmin1@mail.com","timestamp":"2017-10-15T14:19:58.080Z"}
{"level":"debug","message":"User is not locked","timestamp":"2017-10-15T14:19:58.080Z"}
{"level":"debug","message":"Username is merchantAdmin1@mail.com","timestamp":"2017-10-15T14:19:58.264Z"}
{"level":"debug","message":"Response for getUser: merchantAdmin1@mail.com","timestamp":"2017-10-15T14:19:58.270Z"}
{"level":"debug","message":"User is not locked","timestamp":"2017-10-15T14:19:58.270Z"}
{"level":"debug","message":"Username is merchant1@mail.com","timestamp":"2017-10-15T14:19:58.399Z"}
{"level":"debug","message":"Response for getUser: merchant1@mail.com","timestamp":"2017-10-15T14:19:58.403Z"}
{"level":"debug","message":"User is not locked","timestamp":"2017-10-15T14:19:58.403Z"}
{"level":"debug","message":"Username is notExistingUser","timestamp":"2017-10-15T14:19:58.528Z"}
{"level":"debug","message":"Username is superAdmin1@mail.com","timestamp":"2017-10-15T14:19:58.537Z"}
{"level":"debug","message":"Response for getUser: superAdmin1@mail.com","timestamp":"2017-10-15T14:19:58.542Z"}
{"level":"debug","message":"User is not locked","timestamp":"2017-10-15T14:19:58.542Z"}
{"level":"debug","message":"User has failed to login 1 times","timestamp":"2017-10-15T14:19:58.653Z"}
{"level":"debug","message":"Username is superAdmin1@mail.com","timestamp":"2017-10-15T14:19:58.665Z"}
{"level":"debug","message":"Response for getUser: superAdmin1@mail.com","timestamp":"2017-10-15T14:19:58.669Z"}
{"level":"debug","message":"User is not locked","timestamp":"2017-10-15T14:19:58.669Z"}
{"level":"debug","message":"VSC-Frontend Logout API and successfully logout merchant1@mail.com","timestamp":"2017-10-15T14:19:59.449Z"}
{"level":"debug","message":"Username is superAdmin1@mail.com","timestamp":"2017-10-15T14:22:54.767Z"}
{"level":"debug","message":"Response for getUser: superAdmin1@mail.com","timestamp":"2017-10-15T14:22:54.778Z"}
{"level":"debug","message":"User is not locked","timestamp":"2017-10-15T14:22:54.779Z"}
{"level":"debug","message":"Username is merchantAdmin1@mail.com","timestamp":"2017-10-15T14:22:54.947Z"}
{"level":"debug","message":"Response for getUser: merchantAdmin1@mail.com","timestamp":"2017-10-15T14:22:54.952Z"}
{"level":"debug","message":"User is not locked","timestamp":"2017-10-15T14:22:54.952Z"}
{"level":"debug","message":"Username is merchant1@mail.com","timestamp":"2017-10-15T14:22:55.089Z"}
{"level":"debug","message":"Response for getUser: merchant1@mail.com","timestamp":"2017-10-15T14:22:55.095Z"}
{"level":"debug","message":"User is not locked","timestamp":"2017-10-15T14:22:55.095Z"}
{"level":"debug","message":"Username is notExistingUser","timestamp":"2017-10-15T14:22:55.226Z"}
{"level":"debug","message":"Username is superAdmin1@mail.com","timestamp":"2017-10-15T14:22:55.237Z"}
{"level":"debug","message":"Response for getUser: superAdmin1@mail.com","timestamp":"2017-10-15T14:22:55.241Z"}
{"level":"debug","message":"User is not locked","timestamp":"2017-10-15T14:22:55.242Z"}
{"level":"debug","message":"User has failed to login 1 times","timestamp":"2017-10-15T14:22:55.357Z"}
{"level":"debug","message":"Username is superAdmin1@mail.com","timestamp":"2017-10-15T14:22:55.369Z"}
{"level":"debug","message":"Response for getUser: superAdmin1@mail.com","timestamp":"2017-10-15T14:22:55.373Z"}
{"level":"debug","message":"User is not locked","timestamp":"2017-10-15T14:22:55.373Z"}
{"level":"debug","message":"VSC-Frontend Logout API and successfully logout merchant1@mail.com","timestamp":"2017-10-15T14:22:56.251Z"}
{"level":"debug","message":"Username is superAdmin1@mail.com","timestamp":"2017-10-15T14:23:50.448Z"}
{"level":"debug","message":"Response for getUser: superAdmin1@mail.com","timestamp":"2017-10-15T14:23:50.460Z"}
{"level":"debug","message":"User is not locked","timestamp":"2017-10-15T14:23:50.460Z"}
{"level":"debug","message":"Username is merchantAdmin1@mail.com","timestamp":"2017-10-15T14:23:50.660Z"}
{"level":"debug","message":"Response for getUser: merchantAdmin1@mail.com","timestamp":"2017-10-15T14:23:50.668Z"}
{"level":"debug","message":"User is not locked","timestamp":"2017-10-15T14:23:50.669Z"}
{"level":"debug","message":"Username is merchant1@mail.com","timestamp":"2017-10-15T14:23:50.832Z"}
{"level":"debug","message":"Response for getUser: merchant1@mail.com","timestamp":"2017-10-15T14:23:50.843Z"}
{"level":"debug","message":"User is not locked","timestamp":"2017-10-15T14:23:50.843Z"}
{"level":"debug","message":"Username is notExistingUser","timestamp":"2017-10-15T14:23:50.951Z"}
{"level":"debug","message":"Username is superAdmin1@mail.com","timestamp":"2017-10-15T14:23:50.962Z"}
{"level":"debug","message":"Response for getUser: superAdmin1@mail.com","timestamp":"2017-10-15T14:23:50.966Z"}
{"level":"debug","message":"User is not locked","timestamp":"2017-10-15T14:23:50.966Z"}
{"level":"debug","message":"User has failed to login 1 times","timestamp":"2017-10-15T14:23:51.072Z"}
{"level":"debug","message":"Username is superAdmin1@mail.com","timestamp":"2017-10-15T14:23:51.084Z"}
{"level":"debug","message":"Response for getUser: superAdmin1@mail.com","timestamp":"2017-10-15T14:23:51.088Z"}
{"level":"debug","message":"User is not locked","timestamp":"2017-10-15T14:23:51.088Z"}
{"level":"debug","message":"VSC-Frontend Logout API and successfully logout merchant1@mail.com","timestamp":"2017-10-15T14:23:51.899Z"}
{"level":"debug","message":"Username is superAdmin1@mail.com","timestamp":"2017-10-15T14:25:46.764Z"}
{"level":"debug","message":"Response for getUser: superAdmin1@mail.com","timestamp":"2017-10-15T14:25:46.775Z"}
{"level":"debug","message":"User is not locked","timestamp":"2017-10-15T14:25:46.775Z"}
{"level":"debug","message":"Username is merchantAdmin1@mail.com","timestamp":"2017-10-15T14:25:46.938Z"}
{"level":"debug","message":"Response for getUser: merchantAdmin1@mail.com","timestamp":"2017-10-15T14:25:46.945Z"}
{"level":"debug","message":"User is not locked","timestamp":"2017-10-15T14:25:46.945Z"}
{"level":"debug","message":"Username is merchant1@mail.com","timestamp":"2017-10-15T14:25:47.078Z"}
{"level":"debug","message":"Response for getUser: merchant1@mail.com","timestamp":"2017-10-15T14:25:47.084Z"}
{"level":"debug","message":"User is not locked","timestamp":"2017-10-15T14:25:47.085Z"}
{"level":"debug","message":"Username is notExistingUser","timestamp":"2017-10-15T14:25:47.197Z"}
{"level":"debug","message":"Username is superAdmin1@mail.com","timestamp":"2017-10-15T14:25:47.206Z"}
{"level":"debug","message":"Response for getUser: superAdmin1@mail.com","timestamp":"2017-10-15T14:25:47.210Z"}
{"level":"debug","message":"User is not locked","timestamp":"2017-10-15T14:25:47.210Z"}
{"level":"debug","message":"User has failed to login 1 times","timestamp":"2017-10-15T14:25:47.321Z"}
{"level":"debug","message":"Username is superAdmin1@mail.com","timestamp":"2017-10-15T14:25:47.335Z"}
{"level":"debug","message":"Response for getUser: superAdmin1@mail.com","timestamp":"2017-10-15T14:25:47.339Z"}
{"level":"debug","message":"User is not locked","timestamp":"2017-10-15T14:25:47.339Z"}
{"level":"debug","message":"VSC-Frontend Logout API and successfully logout merchant1@mail.com","timestamp":"2017-10-15T14:25:48.098Z"}
{"level":"debug","message":"Username is superAdmin1@mail.com","timestamp":"2017-10-15T14:37:28.603Z"}
{"level":"debug","message":"Response for getUser: superAdmin1@mail.com","timestamp":"2017-10-15T14:37:28.617Z"}
{"level":"debug","message":"User is not locked","timestamp":"2017-10-15T14:37:28.617Z"}
{"level":"debug","message":"Username is merchantAdmin1@mail.com","timestamp":"2017-10-15T14:37:28.800Z"}
{"level":"debug","message":"Response for getUser: merchantAdmin1@mail.com","timestamp":"2017-10-15T14:37:28.803Z"}
{"level":"debug","message":"User is not locked","timestamp":"2017-10-15T14:37:28.804Z"}
{"level":"debug","message":"Username is merchant1@mail.com","timestamp":"2017-10-15T14:37:28.927Z"}
{"level":"debug","message":"Response for getUser: merchant1@mail.com","timestamp":"2017-10-15T14:37:28.930Z"}
{"level":"debug","message":"User is not locked","timestamp":"2017-10-15T14:37:28.930Z"}
{"level":"debug","message":"Username is notExistingUser","timestamp":"2017-10-15T14:37:29.047Z"}
{"level":"debug","message":"Username is superAdmin1@mail.com","timestamp":"2017-10-15T14:37:29.055Z"}
{"level":"debug","message":"Response for getUser: superAdmin1@mail.com","timestamp":"2017-10-15T14:37:29.061Z"}
{"level":"debug","message":"User is not locked","timestamp":"2017-10-15T14:37:29.061Z"}
{"level":"debug","message":"User has failed to login 1 times","timestamp":"2017-10-15T14:37:29.169Z"}
{"level":"debug","message":"Username is superAdmin1@mail.com","timestamp":"2017-10-15T14:37:29.182Z"}
{"level":"debug","message":"Response for getUser: superAdmin1@mail.com","timestamp":"2017-10-15T14:37:29.186Z"}
{"level":"debug","message":"User is not locked","timestamp":"2017-10-15T14:37:29.186Z"}
{"level":"debug","message":"VSC-Frontend Logout API and successfully logout merchant1@mail.com","timestamp":"2017-10-15T14:37:29.991Z"}
{"level":"debug","message":"Username is superAdmin1@mail.com","timestamp":"2017-10-15T14:40:35.984Z"}
{"level":"debug","message":"Response for getUser: superAdmin1@mail.com","timestamp":"2017-10-15T14:40:35.994Z"}
{"level":"debug","message":"User is not locked","timestamp":"2017-10-15T14:40:35.995Z"}
{"level":"debug","message":"Username is merchantAdmin1@mail.com","timestamp":"2017-10-15T14:40:36.163Z"}
{"level":"debug","message":"Response for getUser: merchantAdmin1@mail.com","timestamp":"2017-10-15T14:40:36.169Z"}
{"level":"debug","message":"User is not locked","timestamp":"2017-10-15T14:40:36.170Z"}
{"level":"debug","message":"Username is merchant1@mail.com","timestamp":"2017-10-15T14:40:36.304Z"}
{"level":"debug","message":"Response for getUser: merchant1@mail.com","timestamp":"2017-10-15T14:40:36.313Z"}
{"level":"debug","message":"User is not locked","timestamp":"2017-10-15T14:40:36.313Z"}
{"level":"debug","message":"Username is notExistingUser","timestamp":"2017-10-15T14:40:36.427Z"}
{"level":"debug","message":"Username is superAdmin1@mail.com","timestamp":"2017-10-15T14:40:36.450Z"}
{"level":"debug","message":"Response for getUser: superAdmin1@mail.com","timestamp":"2017-10-15T14:40:36.454Z"}
{"level":"debug","message":"User is not locked","timestamp":"2017-10-15T14:40:36.455Z"}
{"level":"debug","message":"User has failed to login 1 times","timestamp":"2017-10-15T14:40:36.569Z"}
{"level":"debug","message":"Username is superAdmin1@mail.com","timestamp":"2017-10-15T14:40:36.580Z"}
{"level":"debug","message":"Response for getUser: superAdmin1@mail.com","timestamp":"2017-10-15T14:40:36.585Z"}
{"level":"debug","message":"User is not locked","timestamp":"2017-10-15T14:40:36.585Z"}
{"level":"debug","message":"VSC-Frontend Logout API and successfully logout merchant1@mail.com","timestamp":"2017-10-15T14:40:37.507Z"}
